[bulgar.live/index.html]
[backblue.gif]
[fade.gif]
[index.html]
[bulgar.live/bulgar/login.css]
[cdnjs.cloudflare.com/ajax/libs/font-awesome/6.4.2/css/all.min.css]
[bulgar.live/build/runtime.js]
[bulgar.live/build/vendors-node_modules_bootstrap-star-rating_js_star-rating_min_js-node_modules_bootstrap_dist_-6da4ee.js]
[bulgar.live/build/app.js]
[bulgar.live/sidebar/sidebar.js]
[bulgar.live/images/bulgar-logo.png]
[bulgar.live/images/about-us.png]
[bulgar.live/rules.html]
[bulgar.live/index.html]
[bulgar.live/bulgar/login.css]
[cdnjs.cloudflare.com/ajax/libs/font-awesome/6.4.2/css/all.min.css]
[bulgar.live/profile/index.html]
[bulgar.live/bulgar/rules.css]
[bulgar.live/rules.html]
[bulgar.live/bulgar/rules.css]
